2024-04-16 17:27:48,178 - __main__ - INFO - Token value: Email sent. To following places: 
 Olching, BY Germany

2024-04-16 18:02:33,223 - __main__ - INFO - Token value: Email sent. To following places: 
 Olching, BY Germany

2024-04-16 18:14:04,293 - __main__ - INFO - Token value: Email sent. To following places: 
 Olching, BY Germany

2024-04-16 21:38:01,256 - __main__ - INFO - Token value: Email sent. To following places: 
 Coteau-du-Lac, QC Canada

2024-04-17 11:44:45,636 - __main__ - INFO - Token value: Email sent. To following places: 
 Coteau-du-Lac, QC Canada

2024-04-17 11:45:56,413 - __main__ - INFO - Token value: Email sent. To following places: 
 Coteau-du-Lac, QC Canada
2024-04-17 13:33:40,552 - __main__ - INFO - Token value: Email sent. To following places: 
 Coteau-du-Lac, QC Canada

2024-04-17 13:46:12,171 - __main__ - INFO - Token value: Email sent. To following places: 
 Coteau-du-Lac, QC Canada

2024-04-17 13:51:24,544 - __main__ - INFO - Token value: Email sent. To following places: 
 Coteau-du-Lac, QC Canada

2024-04-17 14:01:49,132 - __main__ - INFO - Token value: Email sent. To following places: 
 Coteau-du-Lac, QC Canada

2024-04-18 09:45:19,990 - __main__ - INFO - Token value: Email sent. To following places: 
 Coteau-du-Lac, QC Canada
2024-04-24 14:37:54,114 - __main__ - INFO - Email sent to following places: 
 Leipzig, SN Germany
 to following users: 
['meeramnair99@gmail.com', 'mkrishnanunni03@gmail.com', 'krishnavalliappan02@gmail.com']2024-04-24 14:39:01,443 - __main__ - INFO - 
2024-04-24 14:39:03,307 - __main__ - INFO - 
2024-04-24 14:39:05,291 - __main__ - INFO - 
2024-04-24 14:39:07,250 - __main__ - INFO - 
2024-04-24 14:39:10,261 - __main__ - INFO - 
2024-04-24 14:39:12,183 - __main__ - INFO - 
2024-04-24 14:39:14,253 - __main__ - INFO - 
2024-04-24 14:39:16,223 - __main__ - INFO - 
2024-04-24 14:39:18,241 - __main__ - INFO - 
2024-04-24 14:39:20,406 - __main__ - INFO - 
2024-04-24 14:39:22,364 - __main__ - INFO - 
2024-04-24 14:39:24,371 - __main__ - INFO - 
2024-04-24 14:39:26,240 - __main__ - INFO - 
2024-04-24 14:39:28,110 - __main__ - INFO - 
2024-04-24 14:39:30,368 - __main__ - INFO - 
2024-04-24 14:39:32,411 - __main__ - INFO - 
2024-04-24 14:39:34,454 - __main__ - INFO - 
2024-04-24 14:39:36,315 - __main__ - INFO - 
2024-04-24 14:39:38,304 - __main__ - INFO - 
2024-04-24 14:39:41,500 - __main__ - INFO - 
2024-04-24 14:39:43,607 - __main__ - INFO - 
2024-04-24 14:39:45,923 - __main__ - INFO - 
2024-04-24 14:39:47,979 - __main__ - INFO - 
2024-04-24 14:39:49,847 - __main__ - INFO - 
2024-04-24 14:39:52,029 - __main__ - INFO - 
2024-04-24 14:39:53,841 - __main__ - INFO - 
2024-04-24 14:39:56,778 - __main__ - INFO - 
2024-04-24 14:39:58,864 - __main__ - INFO - 
2024-04-24 14:40:00,705 - __main__ - INFO - 
2024-04-24 14:40:03,825 - __main__ - INFO - 
2024-04-24 14:40:05,944 - __main__ - INFO - 
2024-04-24 14:40:07,791 - __main__ - INFO - 
2024-04-24 14:40:09,771 - __main__ - INFO - 
2024-04-24 14:40:11,865 - __main__ - INFO - 
2024-04-24 14:40:13,873 - __main__ - INFO - 
2024-04-24 14:40:15,736 - __main__ - INFO - 
2024-04-24 14:40:18,006 - __main__ - INFO - 
2024-04-24 14:40:19,923 - __main__ - INFO - 
2024-04-24 14:40:21,884 - __main__ - INFO - 
2024-04-24 14:40:23,678 - __main__ - INFO - 
2024-04-24 14:40:25,638 - __main__ - INFO - 
2024-04-24 14:40:27,562 - __main__ - INFO - 
2024-04-24 14:40:29,547 - __main__ - INFO - 
2024-04-24 14:40:31,428 - __main__ - INFO - 
2024-04-24 14:40:33,341 - __main__ - INFO - 
2024-04-24 14:40:35,327 - __main__ - INFO - 
2024-04-24 14:40:38,386 - __main__ - INFO - 
2024-04-24 14:40:40,344 - __main__ - INFO - 
2024-04-24 14:40:42,155 - __main__ - INFO - 
2024-04-24 14:40:44,113 - __main__ - INFO - 
2024-04-24 14:40:45,954 - __main__ - INFO - 
2024-04-24 14:40:48,009 - __main__ - INFO - 
2024-04-24 14:40:49,913 - __main__ - INFO - 
2024-04-24 14:40:52,252 - __main__ - INFO - 
2024-04-24 14:40:54,191 - __main__ - INFO - 
2024-04-24 14:40:56,172 - __main__ - INFO - 
2024-04-24 14:40:58,163 - __main__ - INFO - 
2024-04-24 14:41:00,065 - __main__ - INFO - 
2024-04-24 14:41:01,985 - __main__ - INFO - 
2024-04-24 14:41:04,045 - __main__ - INFO - 
2024-04-24 14:41:05,773 - __main__ - INFO - 
2024-04-24 14:41:07,698 - __main__ - INFO - 
2024-04-24 14:41:09,781 - __main__ - INFO - 
2024-04-24 14:41:12,753 - __main__ - INFO - 
2024-04-24 14:41:14,839 - __main__ - INFO - 
2024-04-24 14:41:18,090 - __main__ - INFO - 
2024-04-24 14:41:20,148 - __main__ - INFO - 
2024-04-24 14:41:24,111 - __main__ - INFO - 
2024-04-24 14:41:26,440 - __main__ - INFO - 
2024-04-24 14:41:28,488 - __main__ - INFO - 
2024-04-24 14:41:30,707 - __main__ - INFO - 
2024-04-24 14:41:32,682 - __main__ - INFO - 
2024-04-24 14:41:34,592 - __main__ - INFO - 
2024-04-24 14:41:36,848 - __main__ - INFO - 
2024-04-24 14:41:38,796 - __main__ - INFO - 
2024-04-24 14:41:40,737 - __main__ - INFO - 
2024-04-24 14:41:42,877 - __main__ - INFO - 
2024-04-24 14:41:45,066 - __main__ - INFO - 
2024-04-24 14:41:47,073 - __main__ - INFO - 
2024-04-24 14:41:48,993 - __main__ - INFO - 
2024-04-24 14:41:50,992 - __main__ - INFO - 
2024-04-24 14:41:52,886 - __main__ - INFO - 
2024-04-24 14:41:54,655 - __main__ - INFO - 
2024-04-24 14:41:56,561 - __main__ - INFO - 
2024-04-24 14:41:58,402 - __main__ - INFO - 
2024-04-24 14:42:00,337 - __main__ - INFO - 
2024-04-24 14:42:02,528 - __main__ - INFO - 
2024-04-24 14:42:04,536 - __main__ - INFO - 
2024-04-24 14:42:06,629 - __main__ - INFO - 
2024-04-24 14:42:08,556 - __main__ - INFO - 
2024-04-24 14:42:10,503 - __main__ - INFO - 
2024-04-24 14:42:12,851 - __main__ - INFO - 
2024-04-24 14:42:14,917 - __main__ - INFO - 
2024-04-24 14:42:17,997 - __main__ - INFO - 
2024-04-24 14:42:20,076 - __main__ - INFO - 
2024-04-24 14:42:21,976 - __main__ - INFO - 
2024-04-24 14:42:23,836 - __main__ - INFO - 
2024-04-24 14:42:25,927 - __main__ - INFO - 
2024-04-24 14:42:27,855 - __main__ - INFO - 
2024-04-24 14:42:29,847 - __main__ - INFO - 
2024-04-24 14:42:32,676 - __main__ - INFO - 
2024-04-24 14:42:34,544 - __main__ - INFO - 
2024-04-24 14:42:36,365 - __main__ - INFO - 
2024-04-24 14:42:38,217 - __main__ - INFO - 
2024-04-24 14:42:40,255 - __main__ - INFO - 
2024-04-24 14:42:42,275 - __main__ - INFO - 
2024-04-24 14:42:44,228 - __main__ - INFO - 
2024-04-24 14:42:46,217 - __main__ - INFO - 
2024-04-24 14:42:48,195 - __main__ - INFO - 
2024-04-24 14:42:50,498 - __main__ - INFO - 
2024-04-24 14:42:52,538 - __main__ - INFO - 
2024-04-24 14:42:54,475 - __main__ - INFO - 
2024-04-24 14:42:56,329 - __main__ - INFO - 
2024-04-24 14:42:58,388 - __main__ - INFO - 
2024-04-24 14:43:00,436 - __main__ - INFO - 
2024-04-24 14:43:02,752 - __main__ - INFO - 
2024-04-24 14:43:04,586 - __main__ - INFO - 
2024-04-24 14:43:06,992 - __main__ - INFO - 
2024-04-24 14:43:09,011 - __main__ - INFO - 
2024-04-24 14:43:11,036 - __main__ - INFO - 
2024-04-24 14:43:13,304 - __main__ - INFO - 
2024-04-24 14:43:15,173 - __main__ - INFO - 
2024-04-24 14:43:17,033 - __main__ - INFO - 
2024-04-24 14:43:18,945 - __main__ - INFO - 
2024-04-24 14:43:21,299 - __main__ - INFO - 
2024-04-24 14:43:23,510 - __main__ - INFO - 
2024-04-24 14:43:27,162 - __main__ - INFO - 
2024-04-24 14:43:29,013 - __main__ - INFO - 
2024-04-24 14:43:30,809 - __main__ - INFO - 
2024-04-24 14:43:32,763 - __main__ - INFO - 
2024-04-24 14:43:34,574 - __main__ - INFO - 
2024-04-24 14:43:36,418 - __main__ - INFO - 
2024-04-24 14:43:38,521 - __main__ - INFO - 
2024-04-24 14:43:40,352 - __main__ - INFO - 
2024-04-24 14:43:42,602 - __main__ - INFO - 
2024-04-24 14:43:44,573 - __main__ - INFO - 
2024-04-24 14:43:46,426 - __main__ - INFO - 
2024-04-24 14:43:48,559 - __main__ - INFO - 
2024-04-24 14:43:51,560 - __main__ - INFO - 
2024-04-24 14:43:53,617 - __main__ - INFO - 
2024-04-24 14:43:56,638 - __main__ - INFO - 
2024-04-24 14:43:58,645 - __main__ - INFO - 
2024-04-24 14:44:00,724 - __main__ - INFO - 
2024-04-24 14:44:02,668 - __main__ - INFO - 
2024-04-24 14:44:04,522 - __main__ - INFO - 
2024-04-24 14:44:06,564 - __main__ - INFO - 
2024-04-24 14:44:08,963 - __main__ - INFO - 
2024-04-24 14:44:10,979 - __main__ - INFO - 
2024-04-24 14:44:13,429 - __main__ - INFO - 
2024-04-24 14:44:15,391 - __main__ - INFO - 
2024-04-24 14:44:17,304 - __main__ - INFO - 
2024-04-24 14:44:19,306 - __main__ - INFO - 
2024-04-24 14:44:21,194 - __main__ - INFO - 
2024-04-24 14:44:23,387 - __main__ - INFO - 
2024-04-24 14:44:25,374 - __main__ - INFO - 
2024-04-24 14:44:27,465 - __main__ - INFO - 
2024-04-24 14:44:29,287 - __main__ - INFO - 
2024-04-24 14:44:31,256 - __main__ - INFO - 
2024-04-24 14:44:33,190 - __main__ - INFO - 
2024-04-24 14:44:35,270 - __main__ - INFO - 
2024-04-24 14:44:37,301 - __main__ - INFO - 
2024-04-24 14:44:39,180 - __main__ - INFO - 
2024-04-24 14:44:41,313 - __main__ - INFO - 
2024-04-24 14:44:43,569 - __main__ - INFO - 
2024-04-24 14:44:45,478 - __main__ - INFO - 
2024-04-24 14:44:47,676 - __main__ - INFO - 
2024-04-24 14:44:49,516 - __main__ - INFO - 
2024-04-24 14:44:51,644 - __main__ - INFO - 
2024-04-24 14:44:53,576 - __main__ - INFO - 
2024-04-24 14:44:55,854 - __main__ - INFO - 
2024-04-24 14:44:57,929 - __main__ - INFO - 
2024-04-24 14:45:00,208 - __main__ - INFO - 
2024-04-24 14:45:02,152 - __main__ - INFO - 
2024-04-24 14:45:04,139 - __main__ - INFO - 
2024-04-24 14:45:06,160 - __main__ - INFO - 
2024-04-24 14:45:08,163 - __main__ - INFO - 
2024-04-24 14:45:10,176 - __main__ - INFO - 
2024-04-24 14:45:12,061 - __main__ - INFO - 
2024-04-24 14:45:14,055 - __main__ - INFO - 
2024-04-24 14:45:16,159 - __main__ - INFO - 
2024-04-24 14:45:18,180 - __main__ - INFO - 
2024-04-24 14:45:20,293 - __main__ - INFO - 
2024-04-24 14:45:22,666 - __main__ - INFO - 
2024-04-24 14:45:25,529 - __main__ - INFO - 
2024-04-24 14:45:27,638 - __main__ - INFO - 
2024-04-24 14:45:29,850 - __main__ - INFO - 
2024-04-24 14:45:31,780 - __main__ - INFO - 
2024-04-24 14:45:33,862 - __main__ - INFO - 
2024-04-24 14:45:36,023 - __main__ - INFO - 
2024-04-24 14:45:38,186 - __main__ - INFO - 
2024-04-24 14:45:40,248 - __main__ - INFO - 
2024-04-24 14:45:42,107 - __main__ - INFO - 
2024-04-24 14:45:44,068 - __main__ - INFO - 
2024-04-24 14:45:45,924 - __main__ - INFO - 
2024-04-24 14:45:47,908 - __main__ - INFO - 
2024-04-24 14:45:49,811 - __main__ - INFO - 
2024-04-24 14:45:51,820 - __main__ - INFO - 
2024-04-24 14:45:53,794 - __main__ - INFO - 
2024-04-24 14:45:56,074 - __main__ - INFO - 
2024-04-24 14:45:58,148 - __main__ - INFO - 
2024-04-24 14:46:00,128 - __main__ - INFO - 
2024-04-24 14:46:01,992 - __main__ - INFO - 
2024-04-24 14:46:04,144 - __main__ - INFO - 
2024-04-24 14:46:06,333 - __main__ - INFO - 
2024-04-24 14:46:08,292 - __main__ - INFO - 
2024-04-24 14:46:10,198 - __main__ - INFO - 
2024-04-24 14:46:12,037 - __main__ - INFO - 
2024-04-24 14:46:13,940 - __main__ - INFO - 
2024-04-24 14:46:16,124 - __main__ - INFO - 
2024-04-24 14:46:19,064 - __main__ - INFO - 
2024-04-24 14:46:21,232 - __main__ - INFO - 
2024-04-24 14:46:23,250 - __main__ - INFO - 
2024-04-24 14:46:25,631 - __main__ - INFO - 
2024-04-24 14:46:27,484 - __main__ - INFO - 
2024-04-24 14:46:29,496 - __main__ - INFO - 
2024-04-24 14:46:31,616 - __main__ - INFO - 
2024-04-24 14:46:33,512 - __main__ - INFO - 
2024-04-24 14:46:35,501 - __main__ - INFO - 
2024-04-24 14:46:37,590 - __main__ - INFO - 
2024-04-24 14:46:39,719 - __main__ - INFO - 
2024-04-24 14:46:41,971 - __main__ - INFO - 
2024-04-24 14:46:44,081 - __main__ - INFO - 
2024-04-24 14:46:46,525 - __main__ - INFO - 
2024-04-24 14:46:48,605 - __main__ - INFO - 
2024-04-24 14:46:50,509 - __main__ - INFO - 
2024-04-24 14:46:52,451 - __main__ - INFO - 
2024-04-24 14:46:54,410 - __main__ - INFO - 
2024-04-24 14:46:56,544 - __main__ - INFO - 
2024-04-24 14:46:58,763 - __main__ - INFO - 
2024-04-24 14:47:00,987 - __main__ - INFO - 
2024-04-24 14:47:02,808 - __main__ - INFO - 
2024-04-24 14:47:04,941 - __main__ - INFO - 
2024-04-24 14:47:06,925 - __main__ - INFO - 
2024-04-24 14:47:08,875 - __main__ - INFO - 
2024-04-24 14:47:10,717 - __main__ - INFO - 
2024-04-24 14:47:12,737 - __main__ - INFO - 
2024-04-24 14:47:14,777 - __main__ - INFO - 
2024-04-24 14:47:16,641 - __main__ - INFO - 
2024-04-24 14:47:18,583 - __main__ - INFO - 
2024-04-24 14:47:20,454 - __main__ - INFO - 
2024-04-24 14:47:22,403 - __main__ - INFO - 
2024-04-24 14:47:24,499 - __main__ - INFO - 
2024-04-24 14:47:26,720 - __main__ - INFO - 
2024-04-24 14:47:28,655 - __main__ - INFO - 
2024-04-24 14:47:30,652 - __main__ - INFO - 
2024-04-24 14:47:32,749 - __main__ - INFO - 
2024-04-24 14:47:34,791 - __main__ - INFO - 
2024-04-24 14:47:36,601 - __main__ - INFO - 
2024-04-24 14:47:38,783 - __main__ - INFO - 
2024-04-24 14:47:40,554 - __main__ - INFO - 
2024-04-24 14:47:42,888 - __main__ - INFO - 
2024-04-24 14:47:45,086 - __main__ - INFO - 
2024-04-24 14:47:46,977 - __main__ - INFO - 
2024-04-24 14:47:49,104 - __main__ - INFO - 
2024-04-24 14:47:51,372 - __main__ - INFO - 
2024-04-24 14:47:54,979 - __main__ - INFO - Email sent to following places: 
 Leipzig, SN Germany
 to following users: 
['meeramnair99@gmail.com', 'mkrishnanunni03@gmail.com', 'krishnavalliappan02@gmail.com']
2024-04-24 14:54:55,035 - __main__ - INFO - Email sent to following places: 
 Leipzig, SN Germany
 to following users: 
['krishnavalliappan02@gmail.com', 'krishnavalliappan24@gmail.com']
2024-04-24 14:57:40,508 - __main__ - INFO - Email sent to following places: 
 Leipzig, SN Germany
 to following users: 
['krishnavalliappan02@gmail.com', 'krishnavalliappan24@gmail.com']
2024-04-24 15:09:07,395 - __main__ - INFO - Email sent to following places: 
 Leipzig, SN Germany
 to following users: 
['krishnavalliappan02@gmail.com', 'krishnavalliappan24@gmail.com']

